<?xml version="1.0" encoding="utf-8"?><testsuites name="pytest tests"><testsuite name="pytest" errors="0" failures="0" skipped="0" tests="18" time="2.898" timestamp="2026-05-13T07:54:40.901476+00:00" hostname="agent-env-8ab138bb-e6dc-40ac-8391-43e63b15c3bc"><testcase classname="backend.tests.test_new_features.TestPromoCodes" name="test_get_promo_codes_seeded" time="0.814" /><testcase classname="backend.tests.test_new_features.TestPromoCodes" name="test_validate_welcome10_percentage" time="0.053" /><testcase classname="backend.tests.test_new_features.TestPromoCodes" name="test_validate_save5_fixed" time="0.043" /><testcase classname="backend.tests.test_new_features.TestPromoCodes" name="test_validate_super20_expired_or_min" time="0.049" /><testcase classname="backend.tests.test_new_features.TestPromoCodes" name="test_validate_invalid_code" time="0.084" /><testcase classname="backend.tests.test_new_features.TestPromoCodes" name="test_validate_case_insensitive" time="0.035" /><testcase classname="backend.tests.test_new_features.TestPromoCodes" name="test_cashier_cannot_list_promo_codes" time="0.342" /><testcase classname="backend.tests.test_new_features.TestShifts" name="test_shift_start_and_end_cycle" time="0.425" /><testcase classname="backend.tests.test_new_features.TestShifts" name="test_end_without_open_shift_fails" time="0.058" /><testcase classname="backend.tests.test_new_features.TestShifts" name="test_shift_history" time="0.057" /><testcase classname="backend.tests.test_new_features.TestAuditLog" name="test_get_audit_logs_admin" time="0.039" /><testcase classname="backend.tests.test_new_features.TestAuditLog" name="test_audit_filter_by_entity_type" time="0.040" /><testcase classname="backend.tests.test_new_features.TestAuditLog" name="test_cashier_cannot_view_audit_logs" time="0.070" /><testcase classname="backend.tests.test_new_features.TestExpiring" name="test_expiring_soon_returns_list" time="0.037" /><testcase classname="backend.tests.test_new_features.TestLockedRegister" name="test_register_admin_without_auth_returns_403" time="0.096" /><testcase classname="backend.tests.test_new_features.TestLockedRegister" name="test_register_inventory_manager_without_auth_returns_403" time="0.105" /><testcase classname="backend.tests.test_new_features.TestLockedRegister" name="test_register_cashier_self_signup_allowed" time="0.341" /><testcase classname="backend.tests.test_new_features.TestLockedRegister" name="test_register_invalid_role_400" time="0.113" /></testsuite></testsuites>