<?xml version="1.0" encoding="utf-8"?><testsuites name="pytest tests"><testsuite name="pytest" errors="0" failures="0" skipped="0" tests="24" time="22.241" timestamp="2026-05-05T14:33:53.013817+00:00" hostname="agent-env-8ab138bb-e6dc-40ac-8391-43e63b15c3bc"><testcase classname="backend.tests.backend_test.TestAuth" name="test_login_success" time="2.044" /><testcase classname="backend.tests.backend_test.TestAuth" name="test_login_invalid" time="1.161" /><testcase classname="backend.tests.backend_test.TestAuth" name="test_me_unauth" time="0.696" /><testcase classname="backend.tests.backend_test.TestProducts" name="test_get_products" time="0.668" /><testcase classname="backend.tests.backend_test.TestProducts" name="test_create_product" time="1.355" /><testcase classname="backend.tests.backend_test.TestProducts" name="test_low_stock_alerts" time="0.666" /><testcase classname="backend.tests.backend_test.TestProducts" name="test_delete_product" time="0.650" /><testcase classname="backend.tests.backend_test.TestSuppliers" name="test_get_suppliers" time="0.664" /><testcase classname="backend.tests.backend_test.TestSuppliers" name="test_create_supplier" time="0.659" /><testcase classname="backend.tests.backend_test.TestSuppliers" name="test_delete_supplier" time="0.889" /><testcase classname="backend.tests.backend_test.TestEmployees" name="test_get_employees" time="0.661" /><testcase classname="backend.tests.backend_test.TestCategories" name="test_get_categories" time="0.681" /><testcase classname="backend.tests.backend_test.TestReports" name="test_dashboard_stats" time="0.655" /><testcase classname="backend.tests.backend_test.TestReports" name="test_sales_by_date" time="0.660" /><testcase classname="backend.tests.backend_test.TestReports" name="test_top_products" time="0.929" /><testcase classname="backend.tests.backend_test.TestReports" name="test_sales_by_category" time="0.680" /><testcase classname="backend.tests.backend_test.TestSales" name="test_get_sales" time="0.660" /><testcase classname="backend.tests.backend_test.TestSeedData" name="test_products_count_at_least_24" time="0.652" /><testcase classname="backend.tests.backend_test.TestSeedData" name="test_low_stock_contains_expected_items" time="0.670" /><testcase classname="backend.tests.backend_test.TestSeedData" name="test_dashboard_reflects_seed" time="0.881" /><testcase classname="backend.tests.backend_test.TestSeedData" name="test_barcode_search" time="0.657" /><testcase classname="backend.tests.backend_test.TestCSV" name="test_export_csv" time="0.660" /><testcase classname="backend.tests.backend_test.TestCSV" name="test_import_csv_create_and_update" time="3.522" /><testcase classname="backend.tests.backend_test.TestCSV" name="test_import_csv_rejects_non_csv" time="0.723" /></testsuite></testsuites>