<?xml version="1.0" encoding="utf-8"?><testsuites name="pytest tests"><testsuite name="pytest" errors="0" failures="0" skipped="0" tests="12" time="23.368" timestamp="2026-05-05T14:55:12.742419+00:00" hostname="agent-env-8ab138bb-e6dc-40ac-8391-43e63b15c3bc"><testcase classname="backend.tests.test_role_access" name="test_seeded_account_login[admin]" time="2.093" /><testcase classname="backend.tests.test_role_access" name="test_seeded_account_login[cashier]" time="1.761" /><testcase classname="backend.tests.test_role_access" name="test_seeded_account_login[inventory_manager]" time="1.719" /><testcase classname="backend.tests.test_role_access.TestCashierAccess" name="test_cashier_can_view_products" time="1.719" /><testcase classname="backend.tests.test_role_access.TestCashierAccess" name="test_cashier_cannot_create_product" time="1.557" /><testcase classname="backend.tests.test_role_access.TestCashierAccess" name="test_cashier_cannot_create_supplier" time="1.588" /><testcase classname="backend.tests.test_role_access.TestCashierAccess" name="test_cashier_cannot_view_employees" time="1.612" /><testcase classname="backend.tests.test_role_access.TestStoreKeeperAccess" name="test_keeper_can_view_products" time="1.693" /><testcase classname="backend.tests.test_role_access.TestStoreKeeperAccess" name="test_keeper_can_create_product" time="2.320" /><testcase classname="backend.tests.test_role_access.TestStoreKeeperAccess" name="test_keeper_can_create_supplier" time="1.619" /><testcase classname="backend.tests.test_role_access.TestStoreKeeperAccess" name="test_keeper_cannot_view_employees" time="1.712" /><testcase classname="backend.tests.test_role_access.TestStoreKeeperAccess" name="test_keeper_cannot_delete_supplier" time="3.908" /></testsuite></testsuites>